C51 COMPILER V9.60.0.0   INTERRUPTS                                                        07/15/2021 10:43:57 PAGE 1   


C51 COMPILER V9.60.0.0, COMPILATION OF MODULE INTERRUPTS
OBJECT MODULE PLACED IN .\src\Interrupts.OBJ
COMPILER INVOKED BY: c:\SiliconLabs\SimplicityStudio\v4\developer\toolchains\keil_8051\9.60\BIN\C51.exe C:\Users\Pedro\G
                    -oogle Drive\UNICAMP\Mestrado\Firmware\src\Interrupts.c OMF2 SMALL DEBUG OBJECTEXTEND ROM(LARGE) WARNINGLEVEL(2) FLOATFUZ
                    -ZY(3) OPTIMIZE(8,SPEED) INTVECTOR(0X0000) INTPROMOTE INCDIR(C:\Users\Pedro\Google Drive\UNICAMP\Mestrado\Firmware\lib\ef
                    -m8sb1\cslib\serial_interface;C:\Users\Pedro\Google Drive\UNICAMP\Mestrado\Firmware\lib\efm8sb1\cslib\serial_interface_in
                    -c;C:\Users\Pedro\Google Drive\UNICAMP\Mestrado\Firmware\inc\config;C:\Users\Pedro\Google Drive\UNICAMP\Mestrado\Firmware
                    -\inc;C:/SiliconLabs/SimplicityStudio/v4/developer/sdks/8051/v4.1.7//Lib/efm8_capsense;C:/SiliconLabs/SimplicityStudio/v4
                    -/developer/sdks/8051/v4.1.7//Device/EFM8SB1/efm8_capsense/device_layer;C:/SiliconLabs/SimplicityStudio/v4/developer/sdks
                    -/8051/v4.1.7//Device/shared/si8051Base;C:/SiliconLabs/SimplicityStudio/v4/developer/sdks/8051/v4.1.7//Device/EFM8SB1/inc
                    -;C:/SiliconLabs/SimplicityStudio/v4/developer/sdks/8051/v4.1.7//Device/EFM8SB1/efm8_capsense/serial_interface) PRINT(.\s
                    -rc\Interrupts.lst) COND PAGEWIDTH(120) PAGELENGTH(65) OBJECT(.\src\Interrupts.OBJ)

line level    source

   1          //=========================================================
   2          // src/Interrupts.c: generated by Hardware Configurator
   3          //
   4          // This file will be regenerated when saving a document.
   5          // leave the sections inside the "$[...]" comment tags alone
   6          // or they will be overwritten!
   7          //=========================================================
   8          
   9          // USER INCLUDES
  10          #include <SI_EFM8SB1_Register_Enums.h>
  11          #include "InitDevice.h"
  12          
  13          //-----------------------------------------------------------------------------
  14          // Global Constants
  15          //-----------------------------------------------------------------------------
  16          #define LED0_TOGGLE_RATE           10000 // LED toggle rate in milliseconds
  17          // if LED_TOGGLE_RATE = 1, the LED will
  18          // be on for 1 millisecond and off for
  19          // 1 millisecond
  20          
  21          SI_SBIT (LED0, SFR_P1, 1);// LED==1 means ON
  22          
  23          //-----------------------------------------------------------------------------
  24          // TIMER0_ISR
  25          //-----------------------------------------------------------------------------
  26          //
  27          // TIMER0 ISR Content goes here. Remember to clear flag bits:
  28          // TCON::TF0 (Timer 0 Overflow Flag)
  29          //
  30          //-----------------------------------------------------------------------------
  31          SI_INTERRUPT (TIMER0_ISR, TIMER0_IRQn)
  32          {
  33   1              static int16_t counter = 0;
  34   1      
  35   1      
  36   1      
  37   1              if((counter++) == LED0_TOGGLE_RATE)
  38   1              {
  39   2                      //LED0 = !LED0;                      // Toggle the LED
  40   2                      counter = 0;
  41   2                      serial_flag = 1;
  42   2              }
  43   1      }
  44          
  45          //-----------------------------------------------------------------------------
  46          // TIMER1_ISR
  47          //-----------------------------------------------------------------------------
C51 COMPILER V9.60.0.0   INTERRUPTS                                                        07/15/2021 10:43:57 PAGE 2   

  48          //
  49          // TIMER1 ISR Content goes here. Remember to clear flag bits:
  50          // TCON::TF1 (Timer 1 Overflow Flag)
  51          //
  52          //-----------------------------------------------------------------------------
  53          SI_INTERRUPT (TIMER1_ISR, TIMER1_IRQn)
  54          {
  55   1      
  56   1      }
  57          
  58          //-----------------------------------------------------------------------------
  59          // UART0_ISR
  60          //-----------------------------------------------------------------------------
  61          //
  62          // UART0 ISR Content goes here. Remember to clear flag bits:
  63          // SCON0::RI (Receive Interrupt Flag)
  64          // SCON0::TI (Transmit Interrupt Flag)
  65          //
  66          //-----------------------------------------------------------------------------
  67          SI_INTERRUPT (UART0_ISR, UART0_IRQn)
  68          {
  69   1      
  70   1      }
  71          


MODULE INFORMATION:   STATIC OVERLAYABLE
   CODE SIZE        =     58    ----
   CONSTANT SIZE    =   ----    ----
   XDATA SIZE       =   ----    ----
   PDATA SIZE       =   ----    ----
   DATA SIZE        =      2    ----
   IDATA SIZE       =   ----    ----
   BIT SIZE         =   ----    ----
   EDATA SIZE       =   ----    ----
   HDATA SIZE       =   ----    ----
   XDATA CONST SIZE =   ----    ----
   FAR CONST SIZE   =   ----    ----
END OF MODULE INFORMATION.


C51 COMPILATION COMPLETE.  0 WARNING(S),  0 ERROR(S)
