Added Component: Designator=B1(mcu_adapter_QFN24)
Add component. Clean all parameters for all variants
Add component (AddParameter): Name = "Datasheet Link"; Value = "https://www.silabs.com/documents/public/data-sheets/efm8lb1-datasheet.pdf"; VariantName = "[No Variations]"
Add component (AddParameter): Name = "Geometry.Height"; Value = "0.9mm"; VariantName = "[No Variations]"
Add component (AddParameter): Name = "Manufacturer_Name"; Value = "Silicon Labs"; VariantName = "[No Variations]"
Add component (AddParameter): Name = "Manufacturer_Part_Number"; Value = "EFM8LB12F64ES0-B-QFN24"; VariantName = "[No Variations]"
Add component (AddParameter): Name = "Mouser Part Number"; Value = "634-EFM8LB12F64ESF24"; VariantName = "[No Variations]"
Add component (AddParameter): Name = "Mouser Price/Stock"; Value = "https://www.mouser.com/Search/Refine.aspx?Keyword=634-EFM8LB12F64ESF24"; VariantName = "[No Variations]"
Add component (AddParameter): Name = "RS Part Number"; Value = ""; VariantName = "[No Variations]"
Add component (AddParameter): Name = "RS Price/Stock"; Value = ""; VariantName = "[No Variations]"
Added Component: Designator=C1(CAPACITOR RADIAL)
Add component. Clean all parameters for all variants
Add component (AddParameter): Name = "Datasheet Link"; Value = "http://componentsearchengine.com/Datasheets/1/CC0603KRX7R7BB104.pdf"; VariantName = "[No Variations]"
Add component (AddParameter): Name = "Manufacturer_Name"; Value = "YAGEO (PHYCOMP)"; VariantName = "[No Variations]"
Add component (AddParameter): Name = "Manufacturer_Part_Number"; Value = "CC0603KRX7R7BB104"; VariantName = "[No Variations]"
Add component (AddParameter): Name = "Mouser Part Number"; Value = "603-CC603KRX7R7BB104"; VariantName = "[No Variations]"
Add component (AddParameter): Name = "Mouser Price/Stock"; Value = "https://www.mouser.com/Search/Refine.aspx?Keyword=603-CC603KRX7R7BB104"; VariantName = "[No Variations]"
Add component (AddParameter): Name = "RS Part Number"; Value = "6698763"; VariantName = "[No Variations]"
Add component (AddParameter): Name = "RS Price/Stock"; Value = "http://uk.rs-online.com/web/p/products/6698763"; VariantName = "[No Variations]"
Added Component: Designator=C2(CAP_ceramic)
Add component. Clean all parameters for all variants
Add component (AddParameter): Name = "Datasheet Link"; Value = "http://componentsearchengine.com/Datasheets/1/CC0603KRX7R7BB104.pdf"; VariantName = "[No Variations]"
Add component (AddParameter): Name = "Manufacturer_Name"; Value = "YAGEO (PHYCOMP)"; VariantName = "[No Variations]"
Add component (AddParameter): Name = "Manufacturer_Part_Number"; Value = "CC0603KRX7R7BB104"; VariantName = "[No Variations]"
Add component (AddParameter): Name = "Mouser Part Number"; Value = "603-CC603KRX7R7BB104"; VariantName = "[No Variations]"
Add component (AddParameter): Name = "Mouser Price/Stock"; Value = "https://www.mouser.com/Search/Refine.aspx?Keyword=603-CC603KRX7R7BB104"; VariantName = "[No Variations]"
Add component (AddParameter): Name = "RS Part Number"; Value = "6698763"; VariantName = "[No Variations]"
Add component (AddParameter): Name = "RS Price/Stock"; Value = "http://uk.rs-online.com/web/p/products/6698763"; VariantName = "[No Variations]"
Added Component: Designator=D1(LED-0)
Add component. Clean all parameters for all variants
Add component (AddParameter): Name = "LatestRevisionDate"; Value = "08-Jul-2005"; VariantName = "[No Variations]"
Add component (AddParameter): Name = "LatestRevisionNote"; Value = "Mech Layer 1 removed."; VariantName = "[No Variations]"
Add component (AddParameter): Name = "PackageDescription"; Value = "LED; 2 Leads"; VariantName = "[No Variations]"
Add component (AddParameter): Name = "PackageReference"; Value = "LED-0"; VariantName = "[No Variations]"
Add component (AddParameter): Name = "Published"; Value = "8-Jun-2000"; VariantName = "[No Variations]"
Add component (AddParameter): Name = "Publisher"; Value = "Altium Limited"; VariantName = "[No Variations]"
Added Component: Designator=D2(LED-0)
Add component. Clean all parameters for all variants
Add component (AddParameter): Name = "LatestRevisionDate"; Value = "08-Jul-2005"; VariantName = "[No Variations]"
Add component (AddParameter): Name = "LatestRevisionNote"; Value = "Mech Layer 1 removed."; VariantName = "[No Variations]"
Add component (AddParameter): Name = "PackageDescription"; Value = "LED; 2 Leads"; VariantName = "[No Variations]"
Add component (AddParameter): Name = "PackageReference"; Value = "LED-0"; VariantName = "[No Variations]"
Add component (AddParameter): Name = "Published"; Value = "8-Jun-2000"; VariantName = "[No Variations]"
Add component (AddParameter): Name = "Publisher"; Value = "Altium Limited"; VariantName = "[No Variations]"
Added Component: Designator=J1(23019945)
Add component. Clean all parameters for all variants
Add component (AddParameter): Name = "Allied_Number"; Value = "71072083"; VariantName = "[No Variations]"
Add component (AddParameter): Name = "Allied Price/Stock"; Value = "https://www.alliedelec.com/te-connectivity-2301994-5/71072083/"; VariantName = "[No Variations]"
Add component (AddParameter): Name = "Datasheet Link"; Value = "https://www.te.com/commerce/DocumentDelivery/DDEController?Action=srchrtrv&DocNm=2301994-5&DocType=Customer+Drawing&DocLang=English&DocFormat=pdf&PartCntxt=2301994-5"; VariantName = "[No Variations]"
Add component (AddParameter): Name = "Geometry.Height"; Value = "17.3mm"; VariantName = "[No Variations]"
Add component (AddParameter): Name = "Manufacturer_Name"; Value = "TE Connectivity"; VariantName = "[No Variations]"
Add component (AddParameter): Name = "Manufacturer_Part_Number"; Value = "2301994-5"; VariantName = "[No Variations]"
Add component (AddParameter): Name = "Mouser Part Number"; Value = "571-2301994-5"; VariantName = "[No Variations]"
Add component (AddParameter): Name = "Mouser Price/Stock"; Value = "https://www.mouser.com/Search/Refine.aspx?Keyword=571-2301994-5"; VariantName = "[No Variations]"
Add component (AddParameter): Name = "RS Part Number"; Value = "1443319P"; VariantName = "[No Variations]"
Add component (AddParameter): Name = "RS Price/Stock"; Value = "http://uk.rs-online.com/web/p/products/1443319P"; VariantName = "[No Variations]"
Added Component: Designator=P1(HDR2X5)
Add component. Clean all parameters for all variants
Add component (AddParameter): Name = "LatestRevisionDate"; Value = "17-Jul-2002"; VariantName = "[No Variations]"
Add component (AddParameter): Name = "LatestRevisionNote"; Value = "Re-released for DXP Platform."; VariantName = "[No Variations]"
Add component (AddParameter): Name = "Publisher"; Value = "Altium Limited"; VariantName = "[No Variations]"
Added Component: Designator=P2(HDR1X4)
Add component. Clean all parameters for all variants
Add component (AddParameter): Name = "LatestRevisionDate"; Value = "17-Jul-2002"; VariantName = "[No Variations]"
Add component (AddParameter): Name = "LatestRevisionNote"; Value = "Re-released for DXP Platform."; VariantName = "[No Variations]"
Add component (AddParameter): Name = "Publisher"; Value = "Altium Limited"; VariantName = "[No Variations]"
Added Component: Designator=P3(HDR1X2)
Add component. Clean all parameters for all variants
Add component (AddParameter): Name = "LatestRevisionDate"; Value = "17-Jul-2002"; VariantName = "[No Variations]"
Add component (AddParameter): Name = "LatestRevisionNote"; Value = "Re-released for DXP Platform."; VariantName = "[No Variations]"
Add component (AddParameter): Name = "Publisher"; Value = "Altium Limited"; VariantName = "[No Variations]"
Added Component: Designator=P4(HDR1X2)
Add component. Clean all parameters for all variants
Add component (AddParameter): Name = "LatestRevisionDate"; Value = "17-Jul-2002"; VariantName = "[No Variations]"
Add component (AddParameter): Name = "LatestRevisionNote"; Value = "Re-released for DXP Platform."; VariantName = "[No Variations]"
Add component (AddParameter): Name = "Publisher"; Value = "Altium Limited"; VariantName = "[No Variations]"
Added Component: Designator=Q?(*TO254P450X1020X1935-3P)
Add component. Clean all parameters for all variants
Add component (AddParameter): Name = "Digi-Key_Part_Number"; Value = "497-7313-5-ND"; VariantName = "[No Variations]"
Add component (AddParameter): Name = "Digi-Key_Purchase_URL"; Value = "https://www.digikey.com/product-detail/en/stmicroelectronics/LF33CV/497-7313-5-ND/1038546?utm_source=snapeda&utm_medium=aggregator&utm_campaign=symbol"; VariantName = "[No Variations]"
Add component (AddParameter): Name = "MF"; Value = "STMicroelectronics"; VariantName = "[No Variations]"
Add component (AddParameter): Name = "MP"; Value = "LF33CV"; VariantName = "[No Variations]"
Add component (AddParameter): Name = "Package"; Value = "TO-220 STMicroelectronics"; VariantName = "[No Variations]"
Add component (AddParameter): Name = "SnapEDA_Link"; Value = "https://www.snapeda.com/parts/LF33CV/STMicroelectronics/view-part/8123/?ref=snap"; VariantName = "[No Variations]"
Add component (AddParameter): Name = "Value"; Value = ""; VariantName = "[No Variations]"
Added Component: Designator=R1(RESAD1650W60L650D250)
Add component. Clean all parameters for all variants
Add component (AddParameter): Name = "Allied_Number"; Value = "70121966"; VariantName = "[No Variations]"
Add component (AddParameter): Name = "Allied Price/Stock"; Value = "https://www.alliedelec.com/bc-components-vishay-mrs25000c1002frp00/70121966/"; VariantName = "[No Variations]"
Add component (AddParameter): Name = "Datasheet Link"; Value = "http://www.vishay.com/docs/28724/mrs16m25.pdf"; VariantName = "[No Variations]"
Add component (AddParameter): Name = "Manufacturer_Name"; Value = "Vishay"; VariantName = "[No Variations]"
Add component (AddParameter): Name = "Manufacturer_Part_Number"; Value = "MRS25000C1002FRP00"; VariantName = "[No Variations]"
Add component (AddParameter): Name = "Mouser Part Number"; Value = "594-MRS2510K00F"; VariantName = "[No Variations]"
Add component (AddParameter): Name = "Mouser Price/Stock"; Value = "https://www.mouser.com/Search/Refine.aspx?Keyword=594-MRS2510K00F"; VariantName = "[No Variations]"
Add component (AddParameter): Name = "RS Part Number"; Value = "8307501"; VariantName = "[No Variations]"
Add component (AddParameter): Name = "RS Price/Stock"; Value = "http://uk.rs-online.com/web/p/products/8307501"; VariantName = "[No Variations]"
Added Component: Designator=R2(RESAD1650W60L650D250)
Add component. Clean all parameters for all variants
Add component (AddParameter): Name = "Allied_Number"; Value = "70121966"; VariantName = "[No Variations]"
Add component (AddParameter): Name = "Allied Price/Stock"; Value = "https://www.alliedelec.com/bc-components-vishay-mrs25000c1002frp00/70121966/"; VariantName = "[No Variations]"
Add component (AddParameter): Name = "Datasheet Link"; Value = "http://www.vishay.com/docs/28724/mrs16m25.pdf"; VariantName = "[No Variations]"
Add component (AddParameter): Name = "Manufacturer_Name"; Value = "Vishay"; VariantName = "[No Variations]"
Add component (AddParameter): Name = "Manufacturer_Part_Number"; Value = "MRS25000C1002FRP00"; VariantName = "[No Variations]"
Add component (AddParameter): Name = "Mouser Part Number"; Value = "594-MRS2510K00F"; VariantName = "[No Variations]"
Add component (AddParameter): Name = "Mouser Price/Stock"; Value = "https://www.mouser.com/Search/Refine.aspx?Keyword=594-MRS2510K00F"; VariantName = "[No Variations]"
Add component (AddParameter): Name = "RS Part Number"; Value = "8307501"; VariantName = "[No Variations]"
Add component (AddParameter): Name = "RS Price/Stock"; Value = "http://uk.rs-online.com/web/p/products/8307501"; VariantName = "[No Variations]"
Added Component: Designator=R3(RESAD1650W60L650D250)
Add component. Clean all parameters for all variants
Add component (AddParameter): Name = "Allied_Number"; Value = "70121966"; VariantName = "[No Variations]"
Add component (AddParameter): Name = "Allied Price/Stock"; Value = "https://www.alliedelec.com/bc-components-vishay-mrs25000c1002frp00/70121966/"; VariantName = "[No Variations]"
Add component (AddParameter): Name = "Datasheet Link"; Value = "http://www.vishay.com/docs/28724/mrs16m25.pdf"; VariantName = "[No Variations]"
Add component (AddParameter): Name = "Manufacturer_Name"; Value = "Vishay"; VariantName = "[No Variations]"
Add component (AddParameter): Name = "Manufacturer_Part_Number"; Value = "MRS25000C1002FRP00"; VariantName = "[No Variations]"
Add component (AddParameter): Name = "Mouser Part Number"; Value = "594-MRS2510K00F"; VariantName = "[No Variations]"
Add component (AddParameter): Name = "Mouser Price/Stock"; Value = "https://www.mouser.com/Search/Refine.aspx?Keyword=594-MRS2510K00F"; VariantName = "[No Variations]"
Add component (AddParameter): Name = "RS Part Number"; Value = "8307501"; VariantName = "[No Variations]"
Add component (AddParameter): Name = "RS Price/Stock"; Value = "http://uk.rs-online.com/web/p/products/8307501"; VariantName = "[No Variations]"
Added Pin To Net: NetName=3.3V Pin=B1-3
Added Pin To Net: NetName=3.3V Pin=P3-1
Added Pin To Net: NetName=3.3V Pin=Q?-3
Added Pin To Net: NetName=3.3V Pin=R1-1
Added Net: Name=3.3V
Added Pin To Net: NetName=GND Pin=B1-2
Added Pin To Net: NetName=GND Pin=C1-1
Added Pin To Net: NetName=GND Pin=C2-1
Added Pin To Net: NetName=GND Pin=D1-2
Added Pin To Net: NetName=GND Pin=D2-2
Added Pin To Net: NetName=GND Pin=J1-1
Added Pin To Net: NetName=GND Pin=J1-10
Added Pin To Net: NetName=GND Pin=P1-9
Added Pin To Net: NetName=GND Pin=P2-1
Added Pin To Net: NetName=GND Pin=Q?-2
Added Net: Name=GND
Added Pin To Net: NetName=NetB1_6 Pin=B1-6
Added Pin To Net: NetName=NetB1_6 Pin=P1-7
Added Pin To Net: NetName=NetB1_6 Pin=R1-2
Added Net: Name=NetB1_6
Added Pin To Net: NetName=NetB1_7 Pin=B1-7
Added Pin To Net: NetName=NetB1_7 Pin=P1-4
Added Net: Name=NetB1_7
Added Pin To Net: NetName=NetB1_12 Pin=B1-12
Added Pin To Net: NetName=NetB1_12 Pin=J1-8
Added Net: Name=NetB1_12
Added Pin To Net: NetName=NetB1_13 Pin=B1-13
Added Pin To Net: NetName=NetB1_13 Pin=J1-7
Added Net: Name=NetB1_13
Added Pin To Net: NetName=NetB1_14 Pin=B1-14
Added Pin To Net: NetName=NetB1_14 Pin=J1-6
Added Net: Name=NetB1_14
Added Pin To Net: NetName=NetB1_15 Pin=B1-15
Added Pin To Net: NetName=NetB1_15 Pin=J1-5
Added Net: Name=NetB1_15
Added Pin To Net: NetName=NetB1_16 Pin=B1-16
Added Pin To Net: NetName=NetB1_16 Pin=J1-4
Added Net: Name=NetB1_16
Added Pin To Net: NetName=NetB1_17 Pin=B1-17
Added Pin To Net: NetName=NetB1_17 Pin=J1-3
Added Net: Name=NetB1_17
Added Pin To Net: NetName=NetB1_18 Pin=B1-18
Added Pin To Net: NetName=NetB1_18 Pin=J1-2
Added Net: Name=NetB1_18
Added Pin To Net: NetName=NetB1_19 Pin=B1-19
Added Pin To Net: NetName=NetB1_19 Pin=P2-4
Added Net: Name=NetB1_19
Added Pin To Net: NetName=NetB1_20 Pin=B1-20
Added Pin To Net: NetName=NetB1_20 Pin=P2-3
Added Net: Name=NetB1_20
Added Pin To Net: NetName=NetB1_24 Pin=B1-24
Added Pin To Net: NetName=NetB1_24 Pin=P4-1
Added Net: Name=NetB1_24
Added Pin To Net: NetName=NetC1_2 Pin=C1-2
Added Pin To Net: NetName=NetC1_2 Pin=C2-2
Added Pin To Net: NetName=NetC1_2 Pin=P2-2
Added Pin To Net: NetName=NetC1_2 Pin=Q?-1
Added Net: Name=NetC1_2
Added Pin To Net: NetName=NetD1_1 Pin=D1-1
Added Pin To Net: NetName=NetD1_1 Pin=R2-2
Added Net: Name=NetD1_1
Added Pin To Net: NetName=NetD2_1 Pin=D2-1
Added Pin To Net: NetName=NetD2_1 Pin=R3-2
Added Net: Name=NetD2_1
Added Pin To Net: NetName=NetP3_2 Pin=P3-2
Added Pin To Net: NetName=NetP3_2 Pin=R2-1
Added Net: Name=NetP3_2
Added Pin To Net: NetName=NetP4_2 Pin=P4-2
Added Pin To Net: NetName=NetP4_2 Pin=R3-1
Added Net: Name=NetP4_2
Added Class: Name=mcu_capsense_adapter
